<?xml version="1.0" encoding="utf-8"?><testsuites name="pytest tests"><testsuite name="pytest" errors="0" failures="0" skipped="0" tests="8" time="1.651" timestamp="2026-05-12T17:42:39.236490+00:00" hostname="agent-env-30c1c867-d493-4694-b2f0-d60206063802"><testcase classname="backend.tests.test_maison_hue" name="test_root" time="0.290" /><testcase classname="backend.tests.test_maison_hue" name="test_counts_baseline" time="0.058" /><testcase classname="backend.tests.test_maison_hue" name="test_waitlist_valid_non_admin" time="0.483" /><testcase classname="backend.tests.test_maison_hue" name="test_waitlist_admin_email" time="0.244" /><testcase classname="backend.tests.test_maison_hue" name="test_waitlist_invalid_email" time="0.064" /><testcase classname="backend.tests.test_maison_hue" name="test_waitlist_missing_name" time="0.050" /><testcase classname="backend.tests.test_maison_hue" name="test_reserve_valid" time="0.336" /><testcase classname="backend.tests.test_maison_hue" name="test_reserve_missing_haircolour" time="0.051" /></testsuite></testsuites>